<?xml version="1.0" encoding="UTF-8"?>
<testng-results ignored="0" total="4" passed="4" failed="0" skipped="0">
  <reporter-output>
  </reporter-output>
  <suite started-at="2020-01-05T00:15:29 IST" name="Suite" finished-at="2020-01-05T00:16:17 IST" duration-ms="47402">
    <groups>
    </groups>
    <test started-at="2020-01-05T00:15:29 IST" name="Test" finished-at="2020-01-05T00:15:29 IST" duration-ms="75">
    </test> <!-- Test -->
    <test started-at="2020-01-05T00:15:29 IST" name="Test1" finished-at="2020-01-05T00:15:47 IST" duration-ms="17824">
      <class name="Academy.ValidateTitle">
        <test-method is-config="true" signature="initialize()[pri:0, instance:Academy.ValidateTitle@2320fa6f]" started-at="2020-01-05T00:15:29 IST" name="initialize" finished-at="2020-01-05T00:15:47 IST" duration-ms="17565" status="PASS">
          <reporter-output>
          </reporter-output>
        </test-method> <!-- initialize -->
        <test-method signature="basePageNavigation()[pri:0, instance:Academy.ValidateTitle@2320fa6f]" started-at="2020-01-05T00:15:47 IST" name="basePageNavigation" finished-at="2020-01-05T00:15:47 IST" duration-ms="53" status="PASS">
          <reporter-output>
          </reporter-output>
        </test-method> <!-- basePageNavigation -->
        <test-method is-config="true" signature="tearDown()[pri:0, instance:Academy.ValidateTitle@2320fa6f]" started-at="2020-01-05T00:15:47 IST" name="tearDown" finished-at="2020-01-05T00:15:47 IST" duration-ms="166" status="PASS">
          <reporter-output>
          </reporter-output>
        </test-method> <!-- tearDown -->
      </class> <!-- Academy.ValidateTitle -->
    </test> <!-- Test1 -->
    <test started-at="2020-01-05T00:15:47 IST" name="Test2" finished-at="2020-01-05T00:16:05 IST" duration-ms="18076">
      <class name="Academy.HomePage">
        <test-method is-config="true" signature="initialize()[pri:0, instance:Academy.HomePage@56e8b606]" started-at="2020-01-05T00:15:47 IST" name="initialize" finished-at="2020-01-05T00:15:58 IST" duration-ms="11161" status="PASS">
          <reporter-output>
          </reporter-output>
        </test-method> <!-- initialize -->
        <test-method signature="basePageNavigation(java.lang.String, java.lang.String, java.lang.String)[pri:0, instance:Academy.HomePage@56e8b606]" started-at="2020-01-05T00:15:58 IST" name="basePageNavigation" data-provider="getData" finished-at="2020-01-05T00:16:01 IST" duration-ms="2868" status="PASS">
          <params>
            <param index="0">
              <value>
                <![CDATA[nonrestricteduser@qw.com]]>
              </value>
            </param>
            <param index="1">
              <value>
                <![CDATA[123456]]>
              </value>
            </param>
            <param index="2">
              <value>
                <![CDATA[Restricted User]]>
              </value>
            </param>
          </params>
          <reporter-output>
          </reporter-output>
        </test-method> <!-- basePageNavigation -->
        <test-method signature="basePageNavigation(java.lang.String, java.lang.String, java.lang.String)[pri:0, instance:Academy.HomePage@56e8b606]" started-at="2020-01-05T00:16:01 IST" name="basePageNavigation" data-provider="getData" finished-at="2020-01-05T00:16:03 IST" duration-ms="1900" status="PASS">
          <params>
            <param index="0">
              <value>
                <![CDATA[restricteduser@qw.com]]>
              </value>
            </param>
            <param index="1">
              <value>
                <![CDATA[456789]]>
              </value>
            </param>
            <param index="2">
              <value>
                <![CDATA[Non Restricted User]]>
              </value>
            </param>
          </params>
          <reporter-output>
          </reporter-output>
        </test-method> <!-- basePageNavigation -->
        <test-method is-config="true" signature="tearDown()[pri:0, instance:Academy.HomePage@56e8b606]" started-at="2020-01-05T00:16:03 IST" name="tearDown" finished-at="2020-01-05T00:16:05 IST" duration-ms="2140" status="PASS">
          <reporter-output>
          </reporter-output>
        </test-method> <!-- tearDown -->
      </class> <!-- Academy.HomePage -->
    </test> <!-- Test2 -->
    <test started-at="2020-01-05T00:16:05 IST" name="Test3" finished-at="2020-01-05T00:16:17 IST" duration-ms="11275">
      <class name="Academy.ValidateNavbar">
        <test-method is-config="true" signature="initialize()[pri:0, instance:Academy.ValidateNavbar@1253e7cb]" started-at="2020-01-05T00:16:05 IST" name="initialize" finished-at="2020-01-05T00:16:16 IST" duration-ms="11012" status="PASS">
          <reporter-output>
          </reporter-output>
        </test-method> <!-- initialize -->
        <test-method signature="basePageNavigation()[pri:0, instance:Academy.ValidateNavbar@1253e7cb]" started-at="2020-01-05T00:16:16 IST" name="basePageNavigation" finished-at="2020-01-05T00:16:16 IST" duration-ms="130" status="PASS">
          <reporter-output>
          </reporter-output>
        </test-method> <!-- basePageNavigation -->
        <test-method is-config="true" signature="tearDown()[pri:0, instance:Academy.ValidateNavbar@1253e7cb]" started-at="2020-01-05T00:16:16 IST" name="tearDown" finished-at="2020-01-05T00:16:17 IST" duration-ms="131" status="PASS">
          <reporter-output>
          </reporter-output>
        </test-method> <!-- tearDown -->
      </class> <!-- Academy.ValidateNavbar -->
    </test> <!-- Test3 -->
  </suite> <!-- Suite -->
</testng-results>
