<?xml version="1.0" encoding="UTF-8"?>
<testsuite xmlns:xsi="http://www.w3.org/2001/XMLSchema-instance" xsi:noNamespaceSchemaLocation="https://maven.apache.org/surefire/maven-surefire-plugin/xsd/surefire-test-report-3.0.xsd" version="3.0" name="TestSuite" time="52.82" tests="4" errors="0" skipped="0" failures="0">
  <properties>
[...]
</properties>
  <testcase name="basePageNavigation" classname="Academy.ValidateTitle" time="0.051"/>
  <testcase name="basePageNavigation" classname="Academy.HomePage" time="2.868"/>
  <testcase name="basePageNavigation" classname="Academy.HomePage" time="1.9"/>
  <testcase name="basePageNavigation" classname="Academy.ValidateNavbar" time="0.131"/>
</testsuite>